<?xml version="1.0" encoding="UTF-8"?>
<!-- Generated by org.testng.reporters.JUnitReportReporter -->
<testsuite hostname="Devaraj-PC" name="TestNG.TestNG_AllAnnotations" tests="5" failures="0" timestamp="10 Jan 2016 22:07:06 GMT" time="6.928" errors="0">
  <testcase name="Volvo" time="6.912" classname="TestNG.TestNG_AllAnnotations"/>
  <testcase name="Iveco" time="0.002" classname="TestNG.TestNG_AllAnnotations"/>
  <testcase name="Bus" time="0.003" classname="TestNG.TestNG_AllAnnotations"/>
  <testcase name="Maruthi" time="0.007" classname="TestNG.TestNG_AllAnnotations"/>
  <testcase name="Ferrari" time="0.004" classname="TestNG.TestNG_AllAnnotations"/>
</testsuite> <!-- TestNG.TestNG_AllAnnotations -->
