<?xml version="1.0" encoding="UTF-8"?>
<!-- Generated by org.testng.reporters.JUnitReportReporter -->
<testsuite hostname="43601JNBITD018L" name="TestNG.TestNG_AllAnnotations" tests="5" failures="0" timestamp="30 May 2016 22:05:30 GMT" time="23.664" errors="0">
  <testcase name="Volvo" time="23.660" classname="TestNG.TestNG_AllAnnotations"/>
  <testcase name="Ferrari" time="0.001" classname="TestNG.TestNG_AllAnnotations"/>
  <testcase name="Maruthi" time="0.001" classname="TestNG.TestNG_AllAnnotations"/>
  <testcase name="Bus" time="0.001" classname="TestNG.TestNG_AllAnnotations"/>
  <testcase name="Iveco" time="0.001" classname="TestNG.TestNG_AllAnnotations"/>
</testsuite> <!-- TestNG.TestNG_AllAnnotations -->
